[debug] [2021-03-15T09:55:17.273Z] ----------------------------------------------------------------------
[debug] [2021-03-15T09:55:17.276Z] Command:       C:\Program Files\nodejs\node.exe C:\Users\rimolli1\AppData\Roaming\npm\node_modules\firebase-tools\lib\bin\firebase.js init
[debug] [2021-03-15T09:55:17.276Z] CLI Version:   9.6.1
[debug] [2021-03-15T09:55:17.276Z] Platform:      win32
[debug] [2021-03-15T09:55:17.276Z] Node Version:  v10.15.3
[debug] [2021-03-15T09:55:17.290Z] Time:          Mon Mar 15 2021 10:55:17 GMT+0100 (GMT+01:00)
[debug] [2021-03-15T09:55:17.290Z] ----------------------------------------------------------------------
[debug] [2021-03-15T09:55:17.290Z] 
[debug] [2021-03-15T09:55:17.304Z] > command requires scopes: ["email","openid","https://www.googleapis.com/auth/cloudplatformprojects.readonly","https://www.googleapis.com/auth/firebase","https://www.googleapis.com/auth/cloud-platform"]
[debug] [2021-03-15T09:55:17.305Z] > authorizing via signed-in user
[info] 
     ######## #### ########  ######## ########     ###     ######  ########
     ##        ##  ##     ## ##       ##     ##  ##   ##  ##       ##
     ######    ##  ########  ######   ########  #########  ######  ######
     ##        ##  ##    ##  ##       ##     ## ##     ##       ## ##
     ##       #### ##     ## ######## ########  ##     ##  ######  ########

You're about to initialize a Firebase project in this directory:

  C:\Users\rimolli1\source\repos\Vertex

Before we get started, keep in mind:

  * You are initializing in an existing Firebase project directory

[info] 
=== Project Setup
[info] 
[info] First, let's associate this project directory with a Firebase project.
[info] You can create multiple project aliases by running firebase use --add, 
[info] but for now we'll just set up a default project.
[info] 
[info] i  .firebaserc already has a default project, using vertexarese-af761. 
[debug] [2021-03-15T09:55:22.284Z] >>> [apiv2][query] GET https://firebase.googleapis.com/v1beta1/projects/vertexarese-af761 [none]
[debug] [2021-03-15T09:55:22.779Z] <<< [apiv2][status] GET https://firebase.googleapis.com/v1beta1/projects/vertexarese-af761 200
[debug] [2021-03-15T09:55:22.780Z] <<< [apiv2][body] GET https://firebase.googleapis.com/v1beta1/projects/vertexarese-af761 {"projectId":"vertexarese-af761","projectNumber":"334928615079","displayName":"VertexArese","name":"projects/vertexarese-af761","resources":{"hostingSite":"vertexarese-af761","realtimeDatabaseInstance":"vertexarese-af761","storageBucket":"vertexarese-af761.appspot.com","locationId":"europe-west"},"state":"ACTIVE"}
[info] 
=== Hosting Setup
[info] 
[info] Your public directory is the folder (relative to your project directory) that
[info] will contain Hosting assets to be uploaded with firebase deploy. If you
[info] have a build process for your assets, use your build's output directory.
[info] 
[debug] [2021-03-15T09:55:39.159Z] >>> [apiv2][query] GET https://www.gstatic.com/firebasejs/releases.json [none]
[debug] [2021-03-15T09:55:39.270Z] <<< [apiv2][status] GET https://www.gstatic.com/firebasejs/releases.json 200
[debug] [2021-03-15T09:55:39.270Z] <<< [apiv2][body] GET https://www.gstatic.com/firebasejs/releases.json {"current":{"version":"8.3.0","browserURL":"https://www.gstatic.com/firebasejs/8.3.0/firebase.js","packageURL":"https://www.gstatic.com/firebasejs/8.3.0/firebase.tgz"},"live":{"version":"8.3","browserURL":"https://www.gstatic.com/firebasejs/live/8.3/firebase.js","packageURL":"https://www.gstatic.com/firebasejs/live/8.3/firebase.tgz"},"components":{"analytics":"https://www.gstatic.com/firebasejs/8.3.0/firebase-analytics.js","app":"https://www.gstatic.com/firebasejs/8.3.0/firebase-app.js","auth":"https://www.gstatic.com/firebasejs/8.3.0/firebase-auth.js","database":"https://www.gstatic.com/firebasejs/8.3.0/firebase-database.js","firestore":"https://www.gstatic.com/firebasejs/8.3.0/firebase-firestore.js","functions":"https://www.gstatic.com/firebasejs/8.3.0/firebase-functions.js","installations":"https://www.gstatic.com/firebasejs/8.3.0/firebase-installations.js","messaging":"https://www.gstatic.com/firebasejs/8.3.0/firebase-messaging.js","storage":"https://www.gstatic.com/firebasejs/8.3.0/firebase-storage.js","performance":"https://www.gstatic.com/firebasejs/8.3.0/firebase-performance.js","remote-config":"https://www.gstatic.com/firebasejs/8.3.0/firebase-remote-config.js","firestore.memory":"https://www.gstatic.com/firebasejs/8.3.0/firebase-firestore.memory.js"}}
[info] +  Wrote public/index.html 
[info] 
[info] i  Detected a .git folder at C:\Users\rimolli1\source\repos\Vertex 
[info] i  Authorizing with GitHub to upload your service account to a GitHub repository's secrets store. 
[info] 
[info] Visit this URL on this device to log in:
[info] https://github.com/login/oauth/authorize?client_id=89cf50f02ac6aaed3484&state=755777171&redirect_uri=http%3A%2F%2Flocalhost%3A9005&scope=read%3Auser%20repo%20public_repo
[info] 
[info] Waiting for authentication...
[debug] [2021-03-15T09:59:05.802Z] >>> HTTP REQUEST POST https://github.com/login/oauth/access_token  
 {"client_id":"89cf50f02ac6aaed3484","client_secret":"3330d14abc895d9a74d5f17cd7a00711fa2c5bf0","code":"442322a4aadda9c66f36","redirect_uri":"http://localhost:9005","state":"755777171"}
[debug] [2021-03-15T09:59:06.234Z] <<< HTTP RESPONSE 200 {"server":"GitHub.com","date":"Mon, 15 Mar 2021 09:59:06 GMT","content-type":"application/json; charset=utf-8","transfer-encoding":"chunked","vary":"X-PJAX, Accept-Encoding, Accept, X-Requested-With","etag":"W/\"d781b7adc1a35bf85a5732cf510ebc74\"","cache-control":"max-age=0, private, must-revalidate","strict-transport-security":"max-age=31536000; includeSubdomains; preload","x-frame-options":"deny","x-content-type-options":"nosniff","x-xss-protection":"1; mode=block","referrer-policy":"origin-when-cross-origin, strict-origin-when-cross-origin","expect-ct":"max-age=2592000, report-uri=\"https://api.github.com/_private/browser/errors\"","content-security-policy":"default-src 'none'; base-uri 'self'; block-all-mixed-content; connect-src 'self' uploads.github.com www.githubstatus.com collector.githubapp.com api.github.com github-cloud.s3.amazonaws.com github-production-repository-file-5c1aeb.s3.amazonaws.com github-production-upload-manifest-file-7fdce7.s3.amazonaws.com github-production-user-asset-6210df.s3.amazonaws.com cdn.optimizely.com logx.optimizely.com/v1/events wss://alive.github.com; font-src github.githubassets.com; form-action 'self' github.com gist.github.com; frame-ancestors 'none'; frame-src render.githubusercontent.com; img-src 'self' data: github.githubassets.com identicons.github.com collector.githubapp.com github-cloud.s3.amazonaws.com secured-user-images.githubusercontent.com/ *.githubusercontent.com; manifest-src 'self'; media-src 'none'; script-src github.githubassets.com; style-src 'unsafe-inline' github.githubassets.com; worker-src github.com/socket-worker-6832eced.js gist.github.com/socket-worker-6832eced.js","x-github-request-id":"278B:88DD:1632F6:1C98AB:604F2FE9"}
[debug] [2021-03-15T09:59:06.264Z] >>> [apiv2][query] GET https://api.github.com/user [none]
[debug] [2021-03-15T09:59:06.607Z] <<< [apiv2][status] GET https://api.github.com/user 200
[debug] [2021-03-15T09:59:06.607Z] <<< [apiv2][body] GET https://api.github.com/user {"login":"lindarimo","id":48835070,"node_id":"MDQ6VXNlcjQ4ODM1MDcw","avatar_url":"https://avatars.githubusercontent.com/u/48835070?v=4","gravatar_id":"","url":"https://api.github.com/users/lindarimo","html_url":"https://github.com/lindarimo","followers_url":"https://api.github.com/users/lindarimo/followers","following_url":"https://api.github.com/users/lindarimo/following{/other_user}","gists_url":"https://api.github.com/users/lindarimo/gists{/gist_id}","starred_url":"https://api.github.com/users/lindarimo/starred{/owner}{/repo}","subscriptions_url":"https://api.github.com/users/lindarimo/subscriptions","organizations_url":"https://api.github.com/users/lindarimo/orgs","repos_url":"https://api.github.com/users/lindarimo/repos","events_url":"https://api.github.com/users/lindarimo/events{/privacy}","received_events_url":"https://api.github.com/users/lindarimo/received_events","type":"User","site_admin":false,"name":null,"company":null,"blog":"","location":null,"email":null,"hireable":null,"bio":null,"twitter_username":null,"public_repos":1,"public_gists":0,"followers":0,"following":0,"created_at":"2019-03-22T15:32:52Z","updated_at":"2021-03-15T09:56:31Z","private_gists":0,"total_private_repos":2,"owned_private_repos":2,"disk_usage":14957,"collaborators":0,"two_factor_authentication":false,"plan":{"name":"free","space":976562499,"collaborators":0,"private_repos":10000}}
[info] 
[info] +  Success! Logged into GitHub as lindarimo 
[info] 
